INFO - 2023-02-23 19:32:44 --> Session: Class initialized using 'CodeIgniter\Session\Handlers\FileHandler' driver.
ERROR - 2023-02-23 19:32:45 --> mysqli_sql_exception: Unknown column 'nomedisciplina' in 'order clause' in C:\Users\Antonio\Desktop\xampp\htdocs\CI4\system\Database\MySQLi\Connection.php:295
Stack trace:
#0 C:\Users\Antonio\Desktop\xampp\htdocs\CI4\system\Database\MySQLi\Connection.php(295): mysqli->query('SELECT `discipl...', 0)
#1 C:\Users\Antonio\Desktop\xampp\htdocs\CI4\system\Database\BaseConnection.php(691): CodeIgniter\Database\MySQLi\Connection->execute('SELECT `discipl...')
#2 C:\Users\Antonio\Desktop\xampp\htdocs\CI4\system\Database\BaseConnection.php(605): CodeIgniter\Database\BaseConnection->simpleQuery('SELECT `discipl...')
#3 C:\Users\Antonio\Desktop\xampp\htdocs\CI4\system\Database\BaseBuilder.php(1602): CodeIgniter\Database\BaseConnection->query('SELECT `discipl...', Array, false)
#4 C:\Users\Antonio\Desktop\xampp\htdocs\CI4\app\Models\DisciplinasModel.php(47): CodeIgniter\Database\BaseBuilder->get()
#5 C:\Users\Antonio\Desktop\xampp\htdocs\CI4\app\Controllers\Disciplinas.php(80): App\Models\DisciplinasModel->getDisciplinasregular()
#6 C:\Users\Antonio\Desktop\xampp\htdocs\CI4\system\CodeIgniter.php(934): App\Controllers\Disciplinas->getAllregular()
#7 C:\Users\Antonio\Desktop\xampp\htdocs\CI4\system\CodeIgniter.php(499): CodeIgniter\CodeIgniter->runController(Object(App\Controllers\Disciplinas))
#8 C:\Users\Antonio\Desktop\xampp\htdocs\CI4\system\CodeIgniter.php(368): CodeIgniter\CodeIgniter->handleRequest(NULL, Object(Config\Cache), false)
#9 C:\Users\Antonio\Desktop\xampp\htdocs\CI4\public\index.php(68): CodeIgniter\CodeIgniter->run()
#10 C:\Users\Antonio\Desktop\xampp\htdocs\CI4\system\Commands\Server\rewrite.php(47): require_once('C:\\Users\\Antoni...')
#11 {main}
CRITICAL - 2023-02-23 19:32:45 --> Unknown column 'nomedisciplina' in 'order clause'
in SYSTEMPATH\Database\BaseConnection.php on line 645.
 1 SYSTEMPATH\Database\BaseBuilder.php(1602): CodeIgniter\Database\BaseConnection->query('SELECT `disciplina`.*, `tipologia`.`nome_tipologia`
FROM `disciplina`
JOIN `tipologia` ON `tipologia`.`id_tipologia`=`disciplina`.`tipologia_id`
WHERE `disciplina`.`tipologia_id` = 1
ORDER BY `nomedisciplina` ASC', [], false)
 2 APPPATH\Models\DisciplinasModel.php(47): CodeIgniter\Database\BaseBuilder->get()
 3 APPPATH\Controllers\Disciplinas.php(80): App\Models\DisciplinasModel->getDisciplinasregular()
 4 SYSTEMPATH\CodeIgniter.php(934): App\Controllers\Disciplinas->getAllregular()
 5 SYSTEMPATH\CodeIgniter.php(499): CodeIgniter\CodeIgniter->runController(Object(App\Controllers\Disciplinas))
 6 SYSTEMPATH\CodeIgniter.php(368): CodeIgniter\CodeIgniter->handleRequest(null, Object(Config\Cache), false)
 7 FCPATH\index.php(68): CodeIgniter\CodeIgniter->run()
 8 SYSTEMPATH\Commands\Server\rewrite.php(47): require_once('FCPATH\\index.php')
INFO - 2023-02-23 19:34:12 --> Session: Class initialized using 'CodeIgniter\Session\Handlers\FileHandler' driver.
INFO - 2023-02-23 19:35:12 --> Session: Class initialized using 'CodeIgniter\Session\Handlers\FileHandler' driver.
INFO - 2023-02-23 19:43:39 --> Session: Class initialized using 'CodeIgniter\Session\Handlers\FileHandler' driver.
INFO - 2023-02-23 19:43:41 --> Session: Class initialized using 'CodeIgniter\Session\Handlers\FileHandler' driver.
INFO - 2023-02-23 19:43:41 --> Session: Class initialized using 'CodeIgniter\Session\Handlers\FileHandler' driver.
INFO - 2023-02-23 19:43:44 --> Session: Class initialized using 'CodeIgniter\Session\Handlers\FileHandler' driver.
INFO - 2023-02-23 19:43:46 --> Session: Class initialized using 'CodeIgniter\Session\Handlers\FileHandler' driver.
INFO - 2023-02-23 19:44:32 --> Session: Class initialized using 'CodeIgniter\Session\Handlers\FileHandler' driver.
INFO - 2023-02-23 19:44:34 --> Session: Class initialized using 'CodeIgniter\Session\Handlers\FileHandler' driver.
INFO - 2023-02-23 19:44:39 --> Session: Class initialized using 'CodeIgniter\Session\Handlers\FileHandler' driver.
INFO - 2023-02-23 19:44:41 --> Session: Class initialized using 'CodeIgniter\Session\Handlers\FileHandler' driver.
INFO - 2023-02-23 19:44:44 --> Session: Class initialized using 'CodeIgniter\Session\Handlers\FileHandler' driver.
INFO - 2023-02-23 19:44:48 --> Session: Class initialized using 'CodeIgniter\Session\Handlers\FileHandler' driver.
INFO - 2023-02-23 19:46:57 --> Session: Class initialized using 'CodeIgniter\Session\Handlers\FileHandler' driver.
INFO - 2023-02-23 19:47:02 --> Session: Class initialized using 'CodeIgniter\Session\Handlers\FileHandler' driver.
INFO - 2023-02-23 19:47:04 --> Session: Class initialized using 'CodeIgniter\Session\Handlers\FileHandler' driver.
INFO - 2023-02-23 19:47:12 --> Session: Class initialized using 'CodeIgniter\Session\Handlers\FileHandler' driver.
INFO - 2023-02-23 19:47:14 --> Session: Class initialized using 'CodeIgniter\Session\Handlers\FileHandler' driver.
INFO - 2023-02-23 19:49:49 --> Session: Class initialized using 'CodeIgniter\Session\Handlers\FileHandler' driver.
INFO - 2023-02-23 19:49:50 --> Session: Class initialized using 'CodeIgniter\Session\Handlers\FileHandler' driver.
INFO - 2023-02-23 19:49:52 --> Session: Class initialized using 'CodeIgniter\Session\Handlers\FileHandler' driver.
INFO - 2023-02-23 19:50:51 --> Session: Class initialized using 'CodeIgniter\Session\Handlers\FileHandler' driver.
INFO - 2023-02-23 19:50:53 --> Session: Class initialized using 'CodeIgniter\Session\Handlers\FileHandler' driver.
INFO - 2023-02-23 19:51:45 --> Session: Class initialized using 'CodeIgniter\Session\Handlers\FileHandler' driver.
INFO - 2023-02-23 19:52:19 --> Session: Class initialized using 'CodeIgniter\Session\Handlers\FileHandler' driver.
INFO - 2023-02-23 19:52:29 --> Session: Class initialized using 'CodeIgniter\Session\Handlers\FileHandler' driver.
INFO - 2023-02-23 19:53:17 --> Session: Class initialized using 'CodeIgniter\Session\Handlers\FileHandler' driver.
INFO - 2023-02-23 19:53:26 --> Session: Class initialized using 'CodeIgniter\Session\Handlers\FileHandler' driver.
INFO - 2023-02-23 19:53:40 --> Session: Class initialized using 'CodeIgniter\Session\Handlers\FileHandler' driver.
