WARNING - 2023-11-16 09:41:07 --> [DEPRECATED] Creation of dynamic property App\Controllers\Turmadisciplina::$turmasModel is deprecated in APPPATH\Controllers\Turmadisciplina.php on line 23.
 1 SYSTEMPATH\CodeIgniter.php(906): App\Controllers\Turmadisciplina->__construct()
 2 SYSTEMPATH\CodeIgniter.php(490): CodeIgniter\CodeIgniter->createController()
 3 SYSTEMPATH\CodeIgniter.php(368): CodeIgniter\CodeIgniter->handleRequest(null, Object(Config\Cache), false)
 4 FCPATH\index.php(68): CodeIgniter\CodeIgniter->run()
WARNING - 2023-11-16 09:41:07 --> [DEPRECATED] Creation of dynamic property App\Controllers\Turmadisciplina::$AnoletivoModel is deprecated in APPPATH\Controllers\Turmadisciplina.php on line 24.
 1 SYSTEMPATH\CodeIgniter.php(906): App\Controllers\Turmadisciplina->__construct()
 2 SYSTEMPATH\CodeIgniter.php(490): CodeIgniter\CodeIgniter->createController()
 3 SYSTEMPATH\CodeIgniter.php(368): CodeIgniter\CodeIgniter->handleRequest(null, Object(Config\Cache), false)
 4 FCPATH\index.php(68): CodeIgniter\CodeIgniter->run()
INFO - 2023-11-16 09:41:07 --> Session: Class initialized using 'CodeIgniter\Session\Handlers\FileHandler' driver.
INFO - 2023-11-16 09:41:09 --> Session: Class initialized using 'CodeIgniter\Session\Handlers\FileHandler' driver.
WARNING - 2023-11-16 09:41:09 --> [DEPRECATED] Creation of dynamic property App\Controllers\Turmadisciplina::$turmasModel is deprecated in APPPATH\Controllers\Turmadisciplina.php on line 23.
 1 SYSTEMPATH\CodeIgniter.php(906): App\Controllers\Turmadisciplina->__construct()
 2 SYSTEMPATH\CodeIgniter.php(490): CodeIgniter\CodeIgniter->createController()
 3 SYSTEMPATH\CodeIgniter.php(368): CodeIgniter\CodeIgniter->handleRequest(null, Object(Config\Cache), false)
 4 FCPATH\index.php(68): CodeIgniter\CodeIgniter->run()
WARNING - 2023-11-16 09:41:09 --> [DEPRECATED] Creation of dynamic property App\Controllers\Turmadisciplina::$AnoletivoModel is deprecated in APPPATH\Controllers\Turmadisciplina.php on line 24.
 1 SYSTEMPATH\CodeIgniter.php(906): App\Controllers\Turmadisciplina->__construct()
 2 SYSTEMPATH\CodeIgniter.php(490): CodeIgniter\CodeIgniter->createController()
 3 SYSTEMPATH\CodeIgniter.php(368): CodeIgniter\CodeIgniter->handleRequest(null, Object(Config\Cache), false)
 4 FCPATH\index.php(68): CodeIgniter\CodeIgniter->run()
WARNING - 2023-11-16 09:41:09 --> [DEPRECATED] Creation of dynamic property App\Controllers\Turmas::$AnoletivoModel is deprecated in APPPATH\Controllers\Turmas.php on line 28.
 1 SYSTEMPATH\CodeIgniter.php(906): App\Controllers\Turmas->__construct()
 2 SYSTEMPATH\CodeIgniter.php(490): CodeIgniter\CodeIgniter->createController()
 3 SYSTEMPATH\CodeIgniter.php(368): CodeIgniter\CodeIgniter->handleRequest(null, Object(Config\Cache), false)
 4 FCPATH\index.php(68): CodeIgniter\CodeIgniter->run()
WARNING - 2023-11-16 09:41:09 --> [DEPRECATED] Creation of dynamic property App\Controllers\Turmas::$turmalunoModel is deprecated in APPPATH\Controllers\Turmas.php on line 29.
 1 SYSTEMPATH\CodeIgniter.php(906): App\Controllers\Turmas->__construct()
 2 SYSTEMPATH\CodeIgniter.php(490): CodeIgniter\CodeIgniter->createController()
 3 SYSTEMPATH\CodeIgniter.php(368): CodeIgniter\CodeIgniter->handleRequest(null, Object(Config\Cache), false)
 4 FCPATH\index.php(68): CodeIgniter\CodeIgniter->run()
INFO - 2023-11-16 09:41:09 --> Session: Class initialized using 'CodeIgniter\Session\Handlers\FileHandler' driver.
WARNING - 2023-11-16 21:25:05 --> [DEPRECATED] Creation of dynamic property App\Controllers\Turmadisciplina::$turmasModel is deprecated in APPPATH\Controllers\Turmadisciplina.php on line 23.
 1 SYSTEMPATH\CodeIgniter.php(906): App\Controllers\Turmadisciplina->__construct()
 2 SYSTEMPATH\CodeIgniter.php(490): CodeIgniter\CodeIgniter->createController()
 3 SYSTEMPATH\CodeIgniter.php(368): CodeIgniter\CodeIgniter->handleRequest(null, Object(Config\Cache), false)
 4 FCPATH\index.php(68): CodeIgniter\CodeIgniter->run()
WARNING - 2023-11-16 21:25:05 --> [DEPRECATED] Creation of dynamic property App\Controllers\Turmadisciplina::$AnoletivoModel is deprecated in APPPATH\Controllers\Turmadisciplina.php on line 24.
 1 SYSTEMPATH\CodeIgniter.php(906): App\Controllers\Turmadisciplina->__construct()
 2 SYSTEMPATH\CodeIgniter.php(490): CodeIgniter\CodeIgniter->createController()
 3 SYSTEMPATH\CodeIgniter.php(368): CodeIgniter\CodeIgniter->handleRequest(null, Object(Config\Cache), false)
 4 FCPATH\index.php(68): CodeIgniter\CodeIgniter->run()
INFO - 2023-11-16 21:25:05 --> Session: Class initialized using 'CodeIgniter\Session\Handlers\FileHandler' driver.
INFO - 2023-11-16 21:25:06 --> Session: Class initialized using 'CodeIgniter\Session\Handlers\FileHandler' driver.
