INFO - 2023-03-06 11:23:31 --> Session: Class initialized using 'CodeIgniter\Session\Handlers\FileHandler' driver.
INFO - 2023-03-06 11:23:40 --> Session: Class initialized using 'CodeIgniter\Session\Handlers\FileHandler' driver.
WARNING - 2023-03-06 11:23:40 --> [DEPRECATED] Creation of dynamic property Google\Service\Oauth2::$serviceName is deprecated in APPPATH\Libraries\vendor\google\apiclient-services\src\Oauth2.php on line 65.
 1 APPPATH\Controllers\LoginController.php(61): Google\Service\Oauth2->__construct(Object(Google\Client))
 2 SYSTEMPATH\CodeIgniter.php(934): App\Controllers\LoginController->loginWithGoogle()
 3 SYSTEMPATH\CodeIgniter.php(499): CodeIgniter\CodeIgniter->runController(Object(App\Controllers\LoginController))
 4 SYSTEMPATH\CodeIgniter.php(368): CodeIgniter\CodeIgniter->handleRequest(null, Object(Config\Cache), false)
 5 FCPATH\index.php(68): CodeIgniter\CodeIgniter->run()
 6 SYSTEMPATH\Commands\Server\rewrite.php(47): require_once('FCPATH\\index.php')
INFO - 2023-03-06 11:23:41 --> Session: Class initialized using 'CodeIgniter\Session\Handlers\FileHandler' driver.
WARNING - 2023-03-06 11:24:01 --> [DEPRECATED] Creation of dynamic property App\Controllers\Turmas::$AnoletivoModel is deprecated in APPPATH\Controllers\Turmas.php on line 20.
 1 SYSTEMPATH\CodeIgniter.php(906): App\Controllers\Turmas->__construct()
 2 SYSTEMPATH\CodeIgniter.php(490): CodeIgniter\CodeIgniter->createController()
 3 SYSTEMPATH\CodeIgniter.php(368): CodeIgniter\CodeIgniter->handleRequest(null, Object(Config\Cache), false)
 4 FCPATH\index.php(68): CodeIgniter\CodeIgniter->run()
 5 SYSTEMPATH\Commands\Server\rewrite.php(47): require_once('FCPATH\\index.php')
INFO - 2023-03-06 11:24:01 --> Session: Class initialized using 'CodeIgniter\Session\Handlers\FileHandler' driver.
WARNING - 2023-03-06 11:24:03 --> [DEPRECATED] Creation of dynamic property App\Controllers\Turmas::$AnoletivoModel is deprecated in APPPATH\Controllers\Turmas.php on line 20.
 1 SYSTEMPATH\CodeIgniter.php(906): App\Controllers\Turmas->__construct()
 2 SYSTEMPATH\CodeIgniter.php(490): CodeIgniter\CodeIgniter->createController()
 3 SYSTEMPATH\CodeIgniter.php(368): CodeIgniter\CodeIgniter->handleRequest(null, Object(Config\Cache), false)
 4 FCPATH\index.php(68): CodeIgniter\CodeIgniter->run()
 5 SYSTEMPATH\Commands\Server\rewrite.php(47): require_once('FCPATH\\index.php')
INFO - 2023-03-06 11:24:05 --> Session: Class initialized using 'CodeIgniter\Session\Handlers\FileHandler' driver.
WARNING - 2023-03-06 11:24:07 --> [DEPRECATED] Creation of dynamic property App\Controllers\Turmas::$AnoletivoModel is deprecated in APPPATH\Controllers\Turmas.php on line 20.
 1 SYSTEMPATH\CodeIgniter.php(906): App\Controllers\Turmas->__construct()
 2 SYSTEMPATH\CodeIgniter.php(490): CodeIgniter\CodeIgniter->createController()
 3 SYSTEMPATH\CodeIgniter.php(368): CodeIgniter\CodeIgniter->handleRequest(null, Object(Config\Cache), false)
 4 FCPATH\index.php(68): CodeIgniter\CodeIgniter->run()
 5 SYSTEMPATH\Commands\Server\rewrite.php(47): require_once('FCPATH\\index.php')
INFO - 2023-03-06 11:24:07 --> Session: Class initialized using 'CodeIgniter\Session\Handlers\FileHandler' driver.
WARNING - 2023-03-06 11:24:09 --> [DEPRECATED] Creation of dynamic property App\Controllers\Turmas::$AnoletivoModel is deprecated in APPPATH\Controllers\Turmas.php on line 20.
 1 SYSTEMPATH\CodeIgniter.php(906): App\Controllers\Turmas->__construct()
 2 SYSTEMPATH\CodeIgniter.php(490): CodeIgniter\CodeIgniter->createController()
 3 SYSTEMPATH\CodeIgniter.php(368): CodeIgniter\CodeIgniter->handleRequest(null, Object(Config\Cache), false)
 4 FCPATH\index.php(68): CodeIgniter\CodeIgniter->run()
 5 SYSTEMPATH\Commands\Server\rewrite.php(47): require_once('FCPATH\\index.php')
WARNING - 2023-03-06 11:24:19 --> [DEPRECATED] Creation of dynamic property App\Controllers\Turmas::$AnoletivoModel is deprecated in APPPATH\Controllers\Turmas.php on line 20.
 1 SYSTEMPATH\CodeIgniter.php(906): App\Controllers\Turmas->__construct()
 2 SYSTEMPATH\CodeIgniter.php(490): CodeIgniter\CodeIgniter->createController()
 3 SYSTEMPATH\CodeIgniter.php(368): CodeIgniter\CodeIgniter->handleRequest(null, Object(Config\Cache), false)
 4 FCPATH\index.php(68): CodeIgniter\CodeIgniter->run()
 5 SYSTEMPATH\Commands\Server\rewrite.php(47): require_once('FCPATH\\index.php')
WARNING - 2023-03-06 11:24:21 --> [DEPRECATED] Creation of dynamic property App\Controllers\Turmas::$AnoletivoModel is deprecated in APPPATH\Controllers\Turmas.php on line 20.
 1 SYSTEMPATH\CodeIgniter.php(906): App\Controllers\Turmas->__construct()
 2 SYSTEMPATH\CodeIgniter.php(490): CodeIgniter\CodeIgniter->createController()
 3 SYSTEMPATH\CodeIgniter.php(368): CodeIgniter\CodeIgniter->handleRequest(null, Object(Config\Cache), false)
 4 FCPATH\index.php(68): CodeIgniter\CodeIgniter->run()
 5 SYSTEMPATH\Commands\Server\rewrite.php(47): require_once('FCPATH\\index.php')
WARNING - 2023-03-06 11:24:23 --> [DEPRECATED] Creation of dynamic property App\Controllers\Turmas::$AnoletivoModel is deprecated in APPPATH\Controllers\Turmas.php on line 20.
 1 SYSTEMPATH\CodeIgniter.php(906): App\Controllers\Turmas->__construct()
 2 SYSTEMPATH\CodeIgniter.php(490): CodeIgniter\CodeIgniter->createController()
 3 SYSTEMPATH\CodeIgniter.php(368): CodeIgniter\CodeIgniter->handleRequest(null, Object(Config\Cache), false)
 4 FCPATH\index.php(68): CodeIgniter\CodeIgniter->run()
 5 SYSTEMPATH\Commands\Server\rewrite.php(47): require_once('FCPATH\\index.php')
WARNING - 2023-03-06 11:24:40 --> [DEPRECATED] Creation of dynamic property App\Controllers\Turmas::$AnoletivoModel is deprecated in APPPATH\Controllers\Turmas.php on line 20.
 1 SYSTEMPATH\CodeIgniter.php(906): App\Controllers\Turmas->__construct()
 2 SYSTEMPATH\CodeIgniter.php(490): CodeIgniter\CodeIgniter->createController()
 3 SYSTEMPATH\CodeIgniter.php(368): CodeIgniter\CodeIgniter->handleRequest(null, Object(Config\Cache), false)
 4 FCPATH\index.php(68): CodeIgniter\CodeIgniter->run()
 5 SYSTEMPATH\Commands\Server\rewrite.php(47): require_once('FCPATH\\index.php')
INFO - 2023-03-06 11:24:40 --> Session: Class initialized using 'CodeIgniter\Session\Handlers\FileHandler' driver.
WARNING - 2023-03-06 11:24:41 --> [DEPRECATED] Creation of dynamic property App\Controllers\Turmas::$AnoletivoModel is deprecated in APPPATH\Controllers\Turmas.php on line 20.
 1 SYSTEMPATH\CodeIgniter.php(906): App\Controllers\Turmas->__construct()
 2 SYSTEMPATH\CodeIgniter.php(490): CodeIgniter\CodeIgniter->createController()
 3 SYSTEMPATH\CodeIgniter.php(368): CodeIgniter\CodeIgniter->handleRequest(null, Object(Config\Cache), false)
 4 FCPATH\index.php(68): CodeIgniter\CodeIgniter->run()
 5 SYSTEMPATH\Commands\Server\rewrite.php(47): require_once('FCPATH\\index.php')
WARNING - 2023-03-06 11:35:53 --> [DEPRECATED] Creation of dynamic property App\Controllers\Turmas::$AnoletivoModel is deprecated in APPPATH\Controllers\Turmas.php on line 20.
 1 SYSTEMPATH\CodeIgniter.php(906): App\Controllers\Turmas->__construct()
 2 SYSTEMPATH\CodeIgniter.php(490): CodeIgniter\CodeIgniter->createController()
 3 SYSTEMPATH\CodeIgniter.php(368): CodeIgniter\CodeIgniter->handleRequest(null, Object(Config\Cache), false)
 4 FCPATH\index.php(68): CodeIgniter\CodeIgniter->run()
 5 SYSTEMPATH\Commands\Server\rewrite.php(47): require_once('FCPATH\\index.php')
INFO - 2023-03-06 11:35:54 --> Session: Class initialized using 'CodeIgniter\Session\Handlers\FileHandler' driver.
WARNING - 2023-03-06 11:36:11 --> [DEPRECATED] Creation of dynamic property App\Controllers\Turmas::$AnoletivoModel is deprecated in APPPATH\Controllers\Turmas.php on line 20.
 1 SYSTEMPATH\CodeIgniter.php(906): App\Controllers\Turmas->__construct()
 2 SYSTEMPATH\CodeIgniter.php(490): CodeIgniter\CodeIgniter->createController()
 3 SYSTEMPATH\CodeIgniter.php(368): CodeIgniter\CodeIgniter->handleRequest(null, Object(Config\Cache), false)
 4 FCPATH\index.php(68): CodeIgniter\CodeIgniter->run()
 5 SYSTEMPATH\Commands\Server\rewrite.php(47): require_once('FCPATH\\index.php')
WARNING - 2023-03-06 11:36:12 --> [DEPRECATED] Creation of dynamic property App\Controllers\Turmas::$AnoletivoModel is deprecated in APPPATH\Controllers\Turmas.php on line 20.
 1 SYSTEMPATH\CodeIgniter.php(906): App\Controllers\Turmas->__construct()
 2 SYSTEMPATH\CodeIgniter.php(490): CodeIgniter\CodeIgniter->createController()
 3 SYSTEMPATH\CodeIgniter.php(368): CodeIgniter\CodeIgniter->handleRequest(null, Object(Config\Cache), false)
 4 FCPATH\index.php(68): CodeIgniter\CodeIgniter->run()
 5 SYSTEMPATH\Commands\Server\rewrite.php(47): require_once('FCPATH\\index.php')
