WARNING - 2023-04-19 14:28:40 --> [DEPRECATED] Creation of dynamic property App\Controllers\Turmas::$AnoletivoModel is deprecated in APPPATH\Controllers\Turmas.php on line 20.
 1 SYSTEMPATH\CodeIgniter.php(906): App\Controllers\Turmas->__construct()
 2 SYSTEMPATH\CodeIgniter.php(490): CodeIgniter\CodeIgniter->createController()
 3 SYSTEMPATH\CodeIgniter.php(368): CodeIgniter\CodeIgniter->handleRequest(null, Object(Config\Cache), false)
 4 FCPATH\index.php(68): CodeIgniter\CodeIgniter->run()
 5 SYSTEMPATH\Commands\Server\rewrite.php(47): require_once('FCPATH\\index.php')
INFO - 2023-04-19 14:28:40 --> Session: Class initialized using 'CodeIgniter\Session\Handlers\FileHandler' driver.
CRITICAL - 2023-04-19 14:28:40 --> Trying to access array offset on value of type null
in APPPATH\Views\dashboard\layout\dashboard-layout.php on line 96.
 1 APPPATH\Views\dashboard\layout\dashboard-layout.php(96): CodeIgniter\Debug\Exceptions->errorHandler(2, 'Trying to access array offset on value of type null', 'APPPATH\\Views\\dashboard\\layout\\dashboard-layout.php', 96)
 2 SYSTEMPATH\View\View.php(213): include('APPPATH\\Views\\dashboard\\layout\\dashboard-layout.php')
 3 SYSTEMPATH\View\View.php(216): CodeIgniter\View\View->CodeIgniter\View\{closure}()
 4 SYSTEMPATH\View\View.php(229): CodeIgniter\View\View->render('dashboard/layout/dashboard-layout', [], true)
 5 SYSTEMPATH\Common.php(1177): CodeIgniter\View\View->render('dashboard/turmas_regular', [], true)
 6 APPPATH\Controllers\Turmas.php(50): view('dashboard/turmas_regular', [...])
 7 SYSTEMPATH\CodeIgniter.php(934): App\Controllers\Turmas->indexregular()
 8 SYSTEMPATH\CodeIgniter.php(499): CodeIgniter\CodeIgniter->runController(Object(App\Controllers\Turmas))
 9 SYSTEMPATH\CodeIgniter.php(368): CodeIgniter\CodeIgniter->handleRequest(null, Object(Config\Cache), false)
10 FCPATH\index.php(68): CodeIgniter\CodeIgniter->run()
11 SYSTEMPATH\Commands\Server\rewrite.php(47): require_once('FCPATH\\index.php')
WARNING - 2023-04-19 14:28:41 --> [DEPRECATED] Creation of dynamic property App\Controllers\Turmas::$AnoletivoModel is deprecated in APPPATH\Controllers\Turmas.php on line 20.
 1 SYSTEMPATH\CodeIgniter.php(906): App\Controllers\Turmas->__construct()
 2 SYSTEMPATH\CodeIgniter.php(490): CodeIgniter\CodeIgniter->createController()
 3 SYSTEMPATH\CodeIgniter.php(368): CodeIgniter\CodeIgniter->handleRequest(null, Object(Config\Cache), false)
 4 FCPATH\index.php(68): CodeIgniter\CodeIgniter->run()
 5 SYSTEMPATH\Commands\Server\rewrite.php(47): require_once('FCPATH\\index.php')
INFO - 2023-04-19 14:28:41 --> Session: Class initialized using 'CodeIgniter\Session\Handlers\FileHandler' driver.
CRITICAL - 2023-04-19 14:28:41 --> Trying to access array offset on value of type null
in APPPATH\Views\dashboard\layout\dashboard-layout.php on line 96.
 1 APPPATH\Views\dashboard\layout\dashboard-layout.php(96): CodeIgniter\Debug\Exceptions->errorHandler(2, 'Trying to access array offset on value of type null', 'APPPATH\\Views\\dashboard\\layout\\dashboard-layout.php', 96)
 2 SYSTEMPATH\View\View.php(213): include('APPPATH\\Views\\dashboard\\layout\\dashboard-layout.php')
 3 SYSTEMPATH\View\View.php(216): CodeIgniter\View\View->CodeIgniter\View\{closure}()
 4 SYSTEMPATH\View\View.php(229): CodeIgniter\View\View->render('dashboard/layout/dashboard-layout', [], true)
 5 SYSTEMPATH\Common.php(1177): CodeIgniter\View\View->render('dashboard/turmas_regular', [], true)
 6 APPPATH\Controllers\Turmas.php(50): view('dashboard/turmas_regular', [...])
 7 SYSTEMPATH\CodeIgniter.php(934): App\Controllers\Turmas->indexregular()
 8 SYSTEMPATH\CodeIgniter.php(499): CodeIgniter\CodeIgniter->runController(Object(App\Controllers\Turmas))
 9 SYSTEMPATH\CodeIgniter.php(368): CodeIgniter\CodeIgniter->handleRequest(null, Object(Config\Cache), false)
10 FCPATH\index.php(68): CodeIgniter\CodeIgniter->run()
11 SYSTEMPATH\Commands\Server\rewrite.php(47): require_once('FCPATH\\index.php')
WARNING - 2023-04-19 14:28:41 --> [DEPRECATED] Creation of dynamic property App\Controllers\Turmas::$AnoletivoModel is deprecated in APPPATH\Controllers\Turmas.php on line 20.
 1 SYSTEMPATH\CodeIgniter.php(906): App\Controllers\Turmas->__construct()
 2 SYSTEMPATH\CodeIgniter.php(490): CodeIgniter\CodeIgniter->createController()
 3 SYSTEMPATH\CodeIgniter.php(368): CodeIgniter\CodeIgniter->handleRequest(null, Object(Config\Cache), false)
 4 FCPATH\index.php(68): CodeIgniter\CodeIgniter->run()
 5 SYSTEMPATH\Commands\Server\rewrite.php(47): require_once('FCPATH\\index.php')
INFO - 2023-04-19 14:28:41 --> Session: Class initialized using 'CodeIgniter\Session\Handlers\FileHandler' driver.
CRITICAL - 2023-04-19 14:28:41 --> Trying to access array offset on value of type null
in APPPATH\Views\dashboard\layout\dashboard-layout.php on line 96.
 1 APPPATH\Views\dashboard\layout\dashboard-layout.php(96): CodeIgniter\Debug\Exceptions->errorHandler(2, 'Trying to access array offset on value of type null', 'APPPATH\\Views\\dashboard\\layout\\dashboard-layout.php', 96)
 2 SYSTEMPATH\View\View.php(213): include('APPPATH\\Views\\dashboard\\layout\\dashboard-layout.php')
 3 SYSTEMPATH\View\View.php(216): CodeIgniter\View\View->CodeIgniter\View\{closure}()
 4 SYSTEMPATH\View\View.php(229): CodeIgniter\View\View->render('dashboard/layout/dashboard-layout', [], true)
 5 SYSTEMPATH\Common.php(1177): CodeIgniter\View\View->render('dashboard/turmas_profissional', [], true)
 6 APPPATH\Controllers\Turmas.php(62): view('dashboard/turmas_profissional', [...])
 7 SYSTEMPATH\CodeIgniter.php(934): App\Controllers\Turmas->indexprofissional()
 8 SYSTEMPATH\CodeIgniter.php(499): CodeIgniter\CodeIgniter->runController(Object(App\Controllers\Turmas))
 9 SYSTEMPATH\CodeIgniter.php(368): CodeIgniter\CodeIgniter->handleRequest(null, Object(Config\Cache), false)
10 FCPATH\index.php(68): CodeIgniter\CodeIgniter->run()
11 SYSTEMPATH\Commands\Server\rewrite.php(47): require_once('FCPATH\\index.php')
INFO - 2023-04-19 14:28:46 --> Session: Class initialized using 'CodeIgniter\Session\Handlers\FileHandler' driver.
INFO - 2023-04-19 14:31:10 --> Session: Class initialized using 'CodeIgniter\Session\Handlers\FileHandler' driver.
WARNING - 2023-04-19 14:31:10 --> [DEPRECATED] Creation of dynamic property Google\Service\Oauth2::$serviceName is deprecated in APPPATH\Libraries\vendor\google\apiclient-services\src\Oauth2.php on line 65.
 1 APPPATH\Controllers\LoginController.php(61): Google\Service\Oauth2->__construct(Object(Google\Client))
 2 SYSTEMPATH\CodeIgniter.php(934): App\Controllers\LoginController->loginWithGoogle()
 3 SYSTEMPATH\CodeIgniter.php(499): CodeIgniter\CodeIgniter->runController(Object(App\Controllers\LoginController))
 4 SYSTEMPATH\CodeIgniter.php(368): CodeIgniter\CodeIgniter->handleRequest(null, Object(Config\Cache), false)
 5 FCPATH\index.php(68): CodeIgniter\CodeIgniter->run()
 6 SYSTEMPATH\Commands\Server\rewrite.php(47): require_once('FCPATH\\index.php')
INFO - 2023-04-19 14:31:11 --> Session: Class initialized using 'CodeIgniter\Session\Handlers\FileHandler' driver.
WARNING - 2023-04-19 14:31:18 --> [DEPRECATED] Creation of dynamic property App\Controllers\Turmas::$AnoletivoModel is deprecated in APPPATH\Controllers\Turmas.php on line 20.
 1 SYSTEMPATH\CodeIgniter.php(906): App\Controllers\Turmas->__construct()
 2 SYSTEMPATH\CodeIgniter.php(490): CodeIgniter\CodeIgniter->createController()
 3 SYSTEMPATH\CodeIgniter.php(368): CodeIgniter\CodeIgniter->handleRequest(null, Object(Config\Cache), false)
 4 FCPATH\index.php(68): CodeIgniter\CodeIgniter->run()
 5 SYSTEMPATH\Commands\Server\rewrite.php(47): require_once('FCPATH\\index.php')
INFO - 2023-04-19 14:31:18 --> Session: Class initialized using 'CodeIgniter\Session\Handlers\FileHandler' driver.
WARNING - 2023-04-19 14:31:20 --> [DEPRECATED] Creation of dynamic property App\Controllers\Turmas::$AnoletivoModel is deprecated in APPPATH\Controllers\Turmas.php on line 20.
 1 SYSTEMPATH\CodeIgniter.php(906): App\Controllers\Turmas->__construct()
 2 SYSTEMPATH\CodeIgniter.php(490): CodeIgniter\CodeIgniter->createController()
 3 SYSTEMPATH\CodeIgniter.php(368): CodeIgniter\CodeIgniter->handleRequest(null, Object(Config\Cache), false)
 4 FCPATH\index.php(68): CodeIgniter\CodeIgniter->run()
 5 SYSTEMPATH\Commands\Server\rewrite.php(47): require_once('FCPATH\\index.php')
WARNING - 2023-04-19 14:31:23 --> [DEPRECATED] Creation of dynamic property App\Controllers\Turmadisciplina::$turmasModel is deprecated in APPPATH\Controllers\Turmadisciplina.php on line 22.
 1 SYSTEMPATH\CodeIgniter.php(906): App\Controllers\Turmadisciplina->__construct()
 2 SYSTEMPATH\CodeIgniter.php(490): CodeIgniter\CodeIgniter->createController()
 3 SYSTEMPATH\CodeIgniter.php(368): CodeIgniter\CodeIgniter->handleRequest(null, Object(Config\Cache), false)
 4 FCPATH\index.php(68): CodeIgniter\CodeIgniter->run()
 5 SYSTEMPATH\Commands\Server\rewrite.php(47): require_once('FCPATH\\index.php')
INFO - 2023-04-19 14:31:23 --> Session: Class initialized using 'CodeIgniter\Session\Handlers\FileHandler' driver.
WARNING - 2023-04-19 14:31:24 --> [DEPRECATED] Creation of dynamic property App\Controllers\Turmas::$AnoletivoModel is deprecated in APPPATH\Controllers\Turmas.php on line 20.
 1 SYSTEMPATH\CodeIgniter.php(906): App\Controllers\Turmas->__construct()
 2 SYSTEMPATH\CodeIgniter.php(490): CodeIgniter\CodeIgniter->createController()
 3 SYSTEMPATH\CodeIgniter.php(368): CodeIgniter\CodeIgniter->handleRequest(null, Object(Config\Cache), false)
 4 FCPATH\index.php(68): CodeIgniter\CodeIgniter->run()
 5 SYSTEMPATH\Commands\Server\rewrite.php(47): require_once('FCPATH\\index.php')
WARNING - 2023-04-19 14:31:25 --> [DEPRECATED] Creation of dynamic property App\Controllers\Turmadisciplina::$turmasModel is deprecated in APPPATH\Controllers\Turmadisciplina.php on line 22.
 1 SYSTEMPATH\CodeIgniter.php(906): App\Controllers\Turmadisciplina->__construct()
 2 SYSTEMPATH\CodeIgniter.php(490): CodeIgniter\CodeIgniter->createController()
 3 SYSTEMPATH\CodeIgniter.php(368): CodeIgniter\CodeIgniter->handleRequest(null, Object(Config\Cache), false)
 4 FCPATH\index.php(68): CodeIgniter\CodeIgniter->run()
 5 SYSTEMPATH\Commands\Server\rewrite.php(47): require_once('FCPATH\\index.php')
WARNING - 2023-04-19 14:55:41 --> [DEPRECATED] Creation of dynamic property App\Controllers\Turmas::$AnoletivoModel is deprecated in APPPATH\Controllers\Turmas.php on line 20.
 1 SYSTEMPATH\CodeIgniter.php(906): App\Controllers\Turmas->__construct()
 2 SYSTEMPATH\CodeIgniter.php(490): CodeIgniter\CodeIgniter->createController()
 3 SYSTEMPATH\CodeIgniter.php(368): CodeIgniter\CodeIgniter->handleRequest(null, Object(Config\Cache), false)
 4 FCPATH\index.php(68): CodeIgniter\CodeIgniter->run()
 5 SYSTEMPATH\Commands\Server\rewrite.php(47): require_once('FCPATH\\index.php')
INFO - 2023-04-19 14:55:41 --> Session: Class initialized using 'CodeIgniter\Session\Handlers\FileHandler' driver.
WARNING - 2023-04-19 14:55:43 --> [DEPRECATED] Creation of dynamic property App\Controllers\Turmas::$AnoletivoModel is deprecated in APPPATH\Controllers\Turmas.php on line 20.
 1 SYSTEMPATH\CodeIgniter.php(906): App\Controllers\Turmas->__construct()
 2 SYSTEMPATH\CodeIgniter.php(490): CodeIgniter\CodeIgniter->createController()
 3 SYSTEMPATH\CodeIgniter.php(368): CodeIgniter\CodeIgniter->handleRequest(null, Object(Config\Cache), false)
 4 FCPATH\index.php(68): CodeIgniter\CodeIgniter->run()
 5 SYSTEMPATH\Commands\Server\rewrite.php(47): require_once('FCPATH\\index.php')
WARNING - 2023-04-19 14:56:03 --> [DEPRECATED] Creation of dynamic property App\Controllers\Turmadisciplina::$turmasModel is deprecated in APPPATH\Controllers\Turmadisciplina.php on line 22.
 1 SYSTEMPATH\CodeIgniter.php(906): App\Controllers\Turmadisciplina->__construct()
 2 SYSTEMPATH\CodeIgniter.php(490): CodeIgniter\CodeIgniter->createController()
 3 SYSTEMPATH\CodeIgniter.php(368): CodeIgniter\CodeIgniter->handleRequest(null, Object(Config\Cache), false)
 4 FCPATH\index.php(68): CodeIgniter\CodeIgniter->run()
 5 SYSTEMPATH\Commands\Server\rewrite.php(47): require_once('FCPATH\\index.php')
INFO - 2023-04-19 14:56:03 --> Session: Class initialized using 'CodeIgniter\Session\Handlers\FileHandler' driver.
WARNING - 2023-04-19 14:57:33 --> [DEPRECATED] Creation of dynamic property App\Controllers\Turmadisciplina::$turmasModel is deprecated in APPPATH\Controllers\Turmadisciplina.php on line 22.
 1 SYSTEMPATH\CodeIgniter.php(906): App\Controllers\Turmadisciplina->__construct()
 2 SYSTEMPATH\CodeIgniter.php(490): CodeIgniter\CodeIgniter->createController()
 3 SYSTEMPATH\CodeIgniter.php(368): CodeIgniter\CodeIgniter->handleRequest(null, Object(Config\Cache), false)
 4 FCPATH\index.php(68): CodeIgniter\CodeIgniter->run()
 5 SYSTEMPATH\Commands\Server\rewrite.php(47): require_once('FCPATH\\index.php')
INFO - 2023-04-19 14:57:39 --> Session: Class initialized using 'CodeIgniter\Session\Handlers\FileHandler' driver.
WARNING - 2023-04-19 14:57:50 --> [DEPRECATED] Creation of dynamic property App\Controllers\Turmas::$AnoletivoModel is deprecated in APPPATH\Controllers\Turmas.php on line 20.
 1 SYSTEMPATH\CodeIgniter.php(906): App\Controllers\Turmas->__construct()
 2 SYSTEMPATH\CodeIgniter.php(490): CodeIgniter\CodeIgniter->createController()
 3 SYSTEMPATH\CodeIgniter.php(368): CodeIgniter\CodeIgniter->handleRequest(null, Object(Config\Cache), false)
 4 FCPATH\index.php(68): CodeIgniter\CodeIgniter->run()
 5 SYSTEMPATH\Commands\Server\rewrite.php(47): require_once('FCPATH\\index.php')
INFO - 2023-04-19 14:57:50 --> Session: Class initialized using 'CodeIgniter\Session\Handlers\FileHandler' driver.
WARNING - 2023-04-19 14:57:52 --> [DEPRECATED] Creation of dynamic property App\Controllers\Turmas::$AnoletivoModel is deprecated in APPPATH\Controllers\Turmas.php on line 20.
 1 SYSTEMPATH\CodeIgniter.php(906): App\Controllers\Turmas->__construct()
 2 SYSTEMPATH\CodeIgniter.php(490): CodeIgniter\CodeIgniter->createController()
 3 SYSTEMPATH\CodeIgniter.php(368): CodeIgniter\CodeIgniter->handleRequest(null, Object(Config\Cache), false)
 4 FCPATH\index.php(68): CodeIgniter\CodeIgniter->run()
 5 SYSTEMPATH\Commands\Server\rewrite.php(47): require_once('FCPATH\\index.php')
WARNING - 2023-04-19 14:58:12 --> [DEPRECATED] Creation of dynamic property App\Controllers\Turmadisciplina::$turmasModel is deprecated in APPPATH\Controllers\Turmadisciplina.php on line 22.
 1 SYSTEMPATH\CodeIgniter.php(906): App\Controllers\Turmadisciplina->__construct()
 2 SYSTEMPATH\CodeIgniter.php(490): CodeIgniter\CodeIgniter->createController()
 3 SYSTEMPATH\CodeIgniter.php(368): CodeIgniter\CodeIgniter->handleRequest(null, Object(Config\Cache), false)
 4 FCPATH\index.php(68): CodeIgniter\CodeIgniter->run()
 5 SYSTEMPATH\Commands\Server\rewrite.php(47): require_once('FCPATH\\index.php')
INFO - 2023-04-19 14:58:12 --> Session: Class initialized using 'CodeIgniter\Session\Handlers\FileHandler' driver.
WARNING - 2023-04-19 15:00:13 --> [DEPRECATED] Creation of dynamic property App\Controllers\Turmadisciplina::$turmasModel is deprecated in APPPATH\Controllers\Turmadisciplina.php on line 22.
 1 SYSTEMPATH\CodeIgniter.php(906): App\Controllers\Turmadisciplina->__construct()
 2 SYSTEMPATH\CodeIgniter.php(490): CodeIgniter\CodeIgniter->createController()
 3 SYSTEMPATH\CodeIgniter.php(368): CodeIgniter\CodeIgniter->handleRequest(null, Object(Config\Cache), false)
 4 FCPATH\index.php(68): CodeIgniter\CodeIgniter->run()
 5 SYSTEMPATH\Commands\Server\rewrite.php(47): require_once('FCPATH\\index.php')
INFO - 2023-04-19 15:00:18 --> Session: Class initialized using 'CodeIgniter\Session\Handlers\FileHandler' driver.
WARNING - 2023-04-19 15:01:00 --> [DEPRECATED] Creation of dynamic property App\Controllers\Turmadisciplina::$turmasModel is deprecated in APPPATH\Controllers\Turmadisciplina.php on line 22.
 1 SYSTEMPATH\CodeIgniter.php(906): App\Controllers\Turmadisciplina->__construct()
 2 SYSTEMPATH\CodeIgniter.php(490): CodeIgniter\CodeIgniter->createController()
 3 SYSTEMPATH\CodeIgniter.php(368): CodeIgniter\CodeIgniter->handleRequest(null, Object(Config\Cache), false)
 4 FCPATH\index.php(68): CodeIgniter\CodeIgniter->run()
 5 SYSTEMPATH\Commands\Server\rewrite.php(47): require_once('FCPATH\\index.php')
INFO - 2023-04-19 15:01:00 --> Session: Class initialized using 'CodeIgniter\Session\Handlers\FileHandler' driver.
WARNING - 2023-04-19 15:01:21 --> [DEPRECATED] Creation of dynamic property App\Controllers\Turmadisciplina::$turmasModel is deprecated in APPPATH\Controllers\Turmadisciplina.php on line 22.
 1 SYSTEMPATH\CodeIgniter.php(906): App\Controllers\Turmadisciplina->__construct()
 2 SYSTEMPATH\CodeIgniter.php(490): CodeIgniter\CodeIgniter->createController()
 3 SYSTEMPATH\CodeIgniter.php(368): CodeIgniter\CodeIgniter->handleRequest(null, Object(Config\Cache), false)
 4 FCPATH\index.php(68): CodeIgniter\CodeIgniter->run()
 5 SYSTEMPATH\Commands\Server\rewrite.php(47): require_once('FCPATH\\index.php')
WARNING - 2023-04-19 15:01:25 --> [DEPRECATED] Creation of dynamic property App\Controllers\Turmas::$AnoletivoModel is deprecated in APPPATH\Controllers\Turmas.php on line 20.
 1 SYSTEMPATH\CodeIgniter.php(906): App\Controllers\Turmas->__construct()
 2 SYSTEMPATH\CodeIgniter.php(490): CodeIgniter\CodeIgniter->createController()
 3 SYSTEMPATH\CodeIgniter.php(368): CodeIgniter\CodeIgniter->handleRequest(null, Object(Config\Cache), false)
 4 FCPATH\index.php(68): CodeIgniter\CodeIgniter->run()
 5 SYSTEMPATH\Commands\Server\rewrite.php(47): require_once('FCPATH\\index.php')
INFO - 2023-04-19 15:01:25 --> Session: Class initialized using 'CodeIgniter\Session\Handlers\FileHandler' driver.
WARNING - 2023-04-19 15:01:26 --> [DEPRECATED] Creation of dynamic property App\Controllers\Turmas::$AnoletivoModel is deprecated in APPPATH\Controllers\Turmas.php on line 20.
 1 SYSTEMPATH\CodeIgniter.php(906): App\Controllers\Turmas->__construct()
 2 SYSTEMPATH\CodeIgniter.php(490): CodeIgniter\CodeIgniter->createController()
 3 SYSTEMPATH\CodeIgniter.php(368): CodeIgniter\CodeIgniter->handleRequest(null, Object(Config\Cache), false)
 4 FCPATH\index.php(68): CodeIgniter\CodeIgniter->run()
 5 SYSTEMPATH\Commands\Server\rewrite.php(47): require_once('FCPATH\\index.php')
WARNING - 2023-04-19 15:01:32 --> [DEPRECATED] Creation of dynamic property App\Controllers\Turmadisciplina::$turmasModel is deprecated in APPPATH\Controllers\Turmadisciplina.php on line 22.
 1 SYSTEMPATH\CodeIgniter.php(906): App\Controllers\Turmadisciplina->__construct()
 2 SYSTEMPATH\CodeIgniter.php(490): CodeIgniter\CodeIgniter->createController()
 3 SYSTEMPATH\CodeIgniter.php(368): CodeIgniter\CodeIgniter->handleRequest(null, Object(Config\Cache), false)
 4 FCPATH\index.php(68): CodeIgniter\CodeIgniter->run()
 5 SYSTEMPATH\Commands\Server\rewrite.php(47): require_once('FCPATH\\index.php')
INFO - 2023-04-19 15:01:32 --> Session: Class initialized using 'CodeIgniter\Session\Handlers\FileHandler' driver.
WARNING - 2023-04-19 15:02:20 --> [DEPRECATED] Creation of dynamic property App\Controllers\Turmas::$AnoletivoModel is deprecated in APPPATH\Controllers\Turmas.php on line 20.
 1 SYSTEMPATH\CodeIgniter.php(906): App\Controllers\Turmas->__construct()
 2 SYSTEMPATH\CodeIgniter.php(490): CodeIgniter\CodeIgniter->createController()
 3 SYSTEMPATH\CodeIgniter.php(368): CodeIgniter\CodeIgniter->handleRequest(null, Object(Config\Cache), false)
 4 FCPATH\index.php(68): CodeIgniter\CodeIgniter->run()
 5 SYSTEMPATH\Commands\Server\rewrite.php(47): require_once('FCPATH\\index.php')
INFO - 2023-04-19 15:02:20 --> Session: Class initialized using 'CodeIgniter\Session\Handlers\FileHandler' driver.
WARNING - 2023-04-19 15:02:21 --> [DEPRECATED] Creation of dynamic property App\Controllers\Turmas::$AnoletivoModel is deprecated in APPPATH\Controllers\Turmas.php on line 20.
 1 SYSTEMPATH\CodeIgniter.php(906): App\Controllers\Turmas->__construct()
 2 SYSTEMPATH\CodeIgniter.php(490): CodeIgniter\CodeIgniter->createController()
 3 SYSTEMPATH\CodeIgniter.php(368): CodeIgniter\CodeIgniter->handleRequest(null, Object(Config\Cache), false)
 4 FCPATH\index.php(68): CodeIgniter\CodeIgniter->run()
 5 SYSTEMPATH\Commands\Server\rewrite.php(47): require_once('FCPATH\\index.php')
WARNING - 2023-04-19 15:02:34 --> [DEPRECATED] Creation of dynamic property App\Controllers\Turmadisciplina::$turmasModel is deprecated in APPPATH\Controllers\Turmadisciplina.php on line 22.
 1 SYSTEMPATH\CodeIgniter.php(906): App\Controllers\Turmadisciplina->__construct()
 2 SYSTEMPATH\CodeIgniter.php(490): CodeIgniter\CodeIgniter->createController()
 3 SYSTEMPATH\CodeIgniter.php(368): CodeIgniter\CodeIgniter->handleRequest(null, Object(Config\Cache), false)
 4 FCPATH\index.php(68): CodeIgniter\CodeIgniter->run()
 5 SYSTEMPATH\Commands\Server\rewrite.php(47): require_once('FCPATH\\index.php')
INFO - 2023-04-19 15:02:34 --> Session: Class initialized using 'CodeIgniter\Session\Handlers\FileHandler' driver.
WARNING - 2023-04-19 15:02:34 --> [DEPRECATED] Creation of dynamic property App\Controllers\Turmas::$AnoletivoModel is deprecated in APPPATH\Controllers\Turmas.php on line 20.
 1 SYSTEMPATH\CodeIgniter.php(906): App\Controllers\Turmas->__construct()
 2 SYSTEMPATH\CodeIgniter.php(490): CodeIgniter\CodeIgniter->createController()
 3 SYSTEMPATH\CodeIgniter.php(368): CodeIgniter\CodeIgniter->handleRequest(null, Object(Config\Cache), false)
 4 FCPATH\index.php(68): CodeIgniter\CodeIgniter->run()
 5 SYSTEMPATH\Commands\Server\rewrite.php(47): require_once('FCPATH\\index.php')
WARNING - 2023-04-19 15:02:35 --> [DEPRECATED] Creation of dynamic property App\Controllers\Turmadisciplina::$turmasModel is deprecated in APPPATH\Controllers\Turmadisciplina.php on line 22.
 1 SYSTEMPATH\CodeIgniter.php(906): App\Controllers\Turmadisciplina->__construct()
 2 SYSTEMPATH\CodeIgniter.php(490): CodeIgniter\CodeIgniter->createController()
 3 SYSTEMPATH\CodeIgniter.php(368): CodeIgniter\CodeIgniter->handleRequest(null, Object(Config\Cache), false)
 4 FCPATH\index.php(68): CodeIgniter\CodeIgniter->run()
 5 SYSTEMPATH\Commands\Server\rewrite.php(47): require_once('FCPATH\\index.php')
WARNING - 2023-04-19 15:02:37 --> [DEPRECATED] Creation of dynamic property App\Controllers\Turmas::$AnoletivoModel is deprecated in APPPATH\Controllers\Turmas.php on line 20.
 1 SYSTEMPATH\CodeIgniter.php(906): App\Controllers\Turmas->__construct()
 2 SYSTEMPATH\CodeIgniter.php(490): CodeIgniter\CodeIgniter->createController()
 3 SYSTEMPATH\CodeIgniter.php(368): CodeIgniter\CodeIgniter->handleRequest(null, Object(Config\Cache), false)
 4 FCPATH\index.php(68): CodeIgniter\CodeIgniter->run()
 5 SYSTEMPATH\Commands\Server\rewrite.php(47): require_once('FCPATH\\index.php')
INFO - 2023-04-19 15:02:37 --> Session: Class initialized using 'CodeIgniter\Session\Handlers\FileHandler' driver.
WARNING - 2023-04-19 15:02:38 --> [DEPRECATED] Creation of dynamic property App\Controllers\Turmas::$AnoletivoModel is deprecated in APPPATH\Controllers\Turmas.php on line 20.
 1 SYSTEMPATH\CodeIgniter.php(906): App\Controllers\Turmas->__construct()
 2 SYSTEMPATH\CodeIgniter.php(490): CodeIgniter\CodeIgniter->createController()
 3 SYSTEMPATH\CodeIgniter.php(368): CodeIgniter\CodeIgniter->handleRequest(null, Object(Config\Cache), false)
 4 FCPATH\index.php(68): CodeIgniter\CodeIgniter->run()
 5 SYSTEMPATH\Commands\Server\rewrite.php(47): require_once('FCPATH\\index.php')
WARNING - 2023-04-19 15:02:53 --> [DEPRECATED] Creation of dynamic property App\Controllers\Turmadisciplina::$turmasModel is deprecated in APPPATH\Controllers\Turmadisciplina.php on line 22.
 1 SYSTEMPATH\CodeIgniter.php(906): App\Controllers\Turmadisciplina->__construct()
 2 SYSTEMPATH\CodeIgniter.php(490): CodeIgniter\CodeIgniter->createController()
 3 SYSTEMPATH\CodeIgniter.php(368): CodeIgniter\CodeIgniter->handleRequest(null, Object(Config\Cache), false)
 4 FCPATH\index.php(68): CodeIgniter\CodeIgniter->run()
 5 SYSTEMPATH\Commands\Server\rewrite.php(47): require_once('FCPATH\\index.php')
INFO - 2023-04-19 15:02:53 --> Session: Class initialized using 'CodeIgniter\Session\Handlers\FileHandler' driver.
WARNING - 2023-04-19 15:11:33 --> [DEPRECATED] Creation of dynamic property App\Controllers\Turmadisciplina::$turmasModel is deprecated in APPPATH\Controllers\Turmadisciplina.php on line 22.
 1 SYSTEMPATH\CodeIgniter.php(906): App\Controllers\Turmadisciplina->__construct()
 2 SYSTEMPATH\CodeIgniter.php(490): CodeIgniter\CodeIgniter->createController()
 3 SYSTEMPATH\CodeIgniter.php(368): CodeIgniter\CodeIgniter->handleRequest(null, Object(Config\Cache), false)
 4 FCPATH\index.php(68): CodeIgniter\CodeIgniter->run()
 5 SYSTEMPATH\Commands\Server\rewrite.php(47): require_once('FCPATH\\index.php')
WARNING - 2023-04-19 15:11:35 --> [DEPRECATED] Creation of dynamic property App\Controllers\Turmas::$AnoletivoModel is deprecated in APPPATH\Controllers\Turmas.php on line 20.
 1 SYSTEMPATH\CodeIgniter.php(906): App\Controllers\Turmas->__construct()
 2 SYSTEMPATH\CodeIgniter.php(490): CodeIgniter\CodeIgniter->createController()
 3 SYSTEMPATH\CodeIgniter.php(368): CodeIgniter\CodeIgniter->handleRequest(null, Object(Config\Cache), false)
 4 FCPATH\index.php(68): CodeIgniter\CodeIgniter->run()
 5 SYSTEMPATH\Commands\Server\rewrite.php(47): require_once('FCPATH\\index.php')
INFO - 2023-04-19 15:11:35 --> Session: Class initialized using 'CodeIgniter\Session\Handlers\FileHandler' driver.
WARNING - 2023-04-19 15:11:36 --> [DEPRECATED] Creation of dynamic property App\Controllers\Turmas::$AnoletivoModel is deprecated in APPPATH\Controllers\Turmas.php on line 20.
 1 SYSTEMPATH\CodeIgniter.php(906): App\Controllers\Turmas->__construct()
 2 SYSTEMPATH\CodeIgniter.php(490): CodeIgniter\CodeIgniter->createController()
 3 SYSTEMPATH\CodeIgniter.php(368): CodeIgniter\CodeIgniter->handleRequest(null, Object(Config\Cache), false)
 4 FCPATH\index.php(68): CodeIgniter\CodeIgniter->run()
 5 SYSTEMPATH\Commands\Server\rewrite.php(47): require_once('FCPATH\\index.php')
WARNING - 2023-04-19 15:11:48 --> [DEPRECATED] Creation of dynamic property App\Controllers\Turmadisciplina::$turmasModel is deprecated in APPPATH\Controllers\Turmadisciplina.php on line 22.
 1 SYSTEMPATH\CodeIgniter.php(906): App\Controllers\Turmadisciplina->__construct()
 2 SYSTEMPATH\CodeIgniter.php(490): CodeIgniter\CodeIgniter->createController()
 3 SYSTEMPATH\CodeIgniter.php(368): CodeIgniter\CodeIgniter->handleRequest(null, Object(Config\Cache), false)
 4 FCPATH\index.php(68): CodeIgniter\CodeIgniter->run()
 5 SYSTEMPATH\Commands\Server\rewrite.php(47): require_once('FCPATH\\index.php')
INFO - 2023-04-19 15:11:48 --> Session: Class initialized using 'CodeIgniter\Session\Handlers\FileHandler' driver.
WARNING - 2023-04-19 15:12:42 --> [DEPRECATED] Creation of dynamic property App\Controllers\Turmadisciplina::$turmasModel is deprecated in APPPATH\Controllers\Turmadisciplina.php on line 22.
 1 SYSTEMPATH\CodeIgniter.php(906): App\Controllers\Turmadisciplina->__construct()
 2 SYSTEMPATH\CodeIgniter.php(490): CodeIgniter\CodeIgniter->createController()
 3 SYSTEMPATH\CodeIgniter.php(368): CodeIgniter\CodeIgniter->handleRequest(null, Object(Config\Cache), false)
 4 FCPATH\index.php(68): CodeIgniter\CodeIgniter->run()
 5 SYSTEMPATH\Commands\Server\rewrite.php(47): require_once('FCPATH\\index.php')
WARNING - 2023-04-19 15:12:44 --> [DEPRECATED] Creation of dynamic property App\Controllers\Turmas::$AnoletivoModel is deprecated in APPPATH\Controllers\Turmas.php on line 20.
 1 SYSTEMPATH\CodeIgniter.php(906): App\Controllers\Turmas->__construct()
 2 SYSTEMPATH\CodeIgniter.php(490): CodeIgniter\CodeIgniter->createController()
 3 SYSTEMPATH\CodeIgniter.php(368): CodeIgniter\CodeIgniter->handleRequest(null, Object(Config\Cache), false)
 4 FCPATH\index.php(68): CodeIgniter\CodeIgniter->run()
 5 SYSTEMPATH\Commands\Server\rewrite.php(47): require_once('FCPATH\\index.php')
INFO - 2023-04-19 15:12:44 --> Session: Class initialized using 'CodeIgniter\Session\Handlers\FileHandler' driver.
WARNING - 2023-04-19 15:12:45 --> [DEPRECATED] Creation of dynamic property App\Controllers\Turmas::$AnoletivoModel is deprecated in APPPATH\Controllers\Turmas.php on line 20.
 1 SYSTEMPATH\CodeIgniter.php(906): App\Controllers\Turmas->__construct()
 2 SYSTEMPATH\CodeIgniter.php(490): CodeIgniter\CodeIgniter->createController()
 3 SYSTEMPATH\CodeIgniter.php(368): CodeIgniter\CodeIgniter->handleRequest(null, Object(Config\Cache), false)
 4 FCPATH\index.php(68): CodeIgniter\CodeIgniter->run()
 5 SYSTEMPATH\Commands\Server\rewrite.php(47): require_once('FCPATH\\index.php')
WARNING - 2023-04-19 15:12:51 --> [DEPRECATED] Creation of dynamic property App\Controllers\Turmadisciplina::$turmasModel is deprecated in APPPATH\Controllers\Turmadisciplina.php on line 22.
 1 SYSTEMPATH\CodeIgniter.php(906): App\Controllers\Turmadisciplina->__construct()
 2 SYSTEMPATH\CodeIgniter.php(490): CodeIgniter\CodeIgniter->createController()
 3 SYSTEMPATH\CodeIgniter.php(368): CodeIgniter\CodeIgniter->handleRequest(null, Object(Config\Cache), false)
 4 FCPATH\index.php(68): CodeIgniter\CodeIgniter->run()
 5 SYSTEMPATH\Commands\Server\rewrite.php(47): require_once('FCPATH\\index.php')
INFO - 2023-04-19 15:12:52 --> Session: Class initialized using 'CodeIgniter\Session\Handlers\FileHandler' driver.
WARNING - 2023-04-19 15:13:53 --> [DEPRECATED] Creation of dynamic property App\Controllers\Turmadisciplina::$turmasModel is deprecated in APPPATH\Controllers\Turmadisciplina.php on line 22.
 1 SYSTEMPATH\CodeIgniter.php(906): App\Controllers\Turmadisciplina->__construct()
 2 SYSTEMPATH\CodeIgniter.php(490): CodeIgniter\CodeIgniter->createController()
 3 SYSTEMPATH\CodeIgniter.php(368): CodeIgniter\CodeIgniter->handleRequest(null, Object(Config\Cache), false)
 4 FCPATH\index.php(68): CodeIgniter\CodeIgniter->run()
 5 SYSTEMPATH\Commands\Server\rewrite.php(47): require_once('FCPATH\\index.php')
WARNING - 2023-04-19 15:14:19 --> [DEPRECATED] Creation of dynamic property App\Controllers\Turmadisciplina::$turmasModel is deprecated in APPPATH\Controllers\Turmadisciplina.php on line 22.
 1 SYSTEMPATH\CodeIgniter.php(906): App\Controllers\Turmadisciplina->__construct()
 2 SYSTEMPATH\CodeIgniter.php(490): CodeIgniter\CodeIgniter->createController()
 3 SYSTEMPATH\CodeIgniter.php(368): CodeIgniter\CodeIgniter->handleRequest(null, Object(Config\Cache), false)
 4 FCPATH\index.php(68): CodeIgniter\CodeIgniter->run()
 5 SYSTEMPATH\Commands\Server\rewrite.php(47): require_once('FCPATH\\index.php')
INFO - 2023-04-19 15:14:20 --> Session: Class initialized using 'CodeIgniter\Session\Handlers\FileHandler' driver.
WARNING - 2023-04-19 15:14:28 --> [DEPRECATED] Creation of dynamic property App\Controllers\Turmadisciplina::$turmasModel is deprecated in APPPATH\Controllers\Turmadisciplina.php on line 22.
 1 SYSTEMPATH\CodeIgniter.php(906): App\Controllers\Turmadisciplina->__construct()
 2 SYSTEMPATH\CodeIgniter.php(490): CodeIgniter\CodeIgniter->createController()
 3 SYSTEMPATH\CodeIgniter.php(368): CodeIgniter\CodeIgniter->handleRequest(null, Object(Config\Cache), false)
 4 FCPATH\index.php(68): CodeIgniter\CodeIgniter->run()
 5 SYSTEMPATH\Commands\Server\rewrite.php(47): require_once('FCPATH\\index.php')
WARNING - 2023-04-19 15:14:34 --> [DEPRECATED] Creation of dynamic property App\Controllers\Turmas::$AnoletivoModel is deprecated in APPPATH\Controllers\Turmas.php on line 20.
 1 SYSTEMPATH\CodeIgniter.php(906): App\Controllers\Turmas->__construct()
 2 SYSTEMPATH\CodeIgniter.php(490): CodeIgniter\CodeIgniter->createController()
 3 SYSTEMPATH\CodeIgniter.php(368): CodeIgniter\CodeIgniter->handleRequest(null, Object(Config\Cache), false)
 4 FCPATH\index.php(68): CodeIgniter\CodeIgniter->run()
 5 SYSTEMPATH\Commands\Server\rewrite.php(47): require_once('FCPATH\\index.php')
INFO - 2023-04-19 15:14:35 --> Session: Class initialized using 'CodeIgniter\Session\Handlers\FileHandler' driver.
WARNING - 2023-04-19 15:14:35 --> [DEPRECATED] Creation of dynamic property App\Controllers\Turmas::$AnoletivoModel is deprecated in APPPATH\Controllers\Turmas.php on line 20.
 1 SYSTEMPATH\CodeIgniter.php(906): App\Controllers\Turmas->__construct()
 2 SYSTEMPATH\CodeIgniter.php(490): CodeIgniter\CodeIgniter->createController()
 3 SYSTEMPATH\CodeIgniter.php(368): CodeIgniter\CodeIgniter->handleRequest(null, Object(Config\Cache), false)
 4 FCPATH\index.php(68): CodeIgniter\CodeIgniter->run()
 5 SYSTEMPATH\Commands\Server\rewrite.php(47): require_once('FCPATH\\index.php')
WARNING - 2023-04-19 15:14:45 --> [DEPRECATED] Creation of dynamic property App\Controllers\Turmadisciplina::$turmasModel is deprecated in APPPATH\Controllers\Turmadisciplina.php on line 22.
 1 SYSTEMPATH\CodeIgniter.php(906): App\Controllers\Turmadisciplina->__construct()
 2 SYSTEMPATH\CodeIgniter.php(490): CodeIgniter\CodeIgniter->createController()
 3 SYSTEMPATH\CodeIgniter.php(368): CodeIgniter\CodeIgniter->handleRequest(null, Object(Config\Cache), false)
 4 FCPATH\index.php(68): CodeIgniter\CodeIgniter->run()
 5 SYSTEMPATH\Commands\Server\rewrite.php(47): require_once('FCPATH\\index.php')
INFO - 2023-04-19 15:14:45 --> Session: Class initialized using 'CodeIgniter\Session\Handlers\FileHandler' driver.
WARNING - 2023-04-19 15:15:29 --> [DEPRECATED] Creation of dynamic property App\Controllers\Turmadisciplina::$turmasModel is deprecated in APPPATH\Controllers\Turmadisciplina.php on line 22.
 1 SYSTEMPATH\CodeIgniter.php(906): App\Controllers\Turmadisciplina->__construct()
 2 SYSTEMPATH\CodeIgniter.php(490): CodeIgniter\CodeIgniter->createController()
 3 SYSTEMPATH\CodeIgniter.php(368): CodeIgniter\CodeIgniter->handleRequest(null, Object(Config\Cache), false)
 4 FCPATH\index.php(68): CodeIgniter\CodeIgniter->run()
 5 SYSTEMPATH\Commands\Server\rewrite.php(47): require_once('FCPATH\\index.php')
